<?xml version="1.0" encoding="UTF-8"?>
<!-- Generated by org.testng.reporters.JUnitReportReporter -->
<testsuite hostname="DESKTOP-K0ADJ2F" failures="0" tests="1" name="ryan.Appium2.AppiumBasics" time="12.128" errors="0" timestamp="2023-06-18T19:53:13 KST" skipped="0">
  <testcase classname="ryan.Appium2.AppiumBasics" name="AppiumTest" time="12.128"/>
  <system-out/>
</testsuite> <!-- ryan.Appium2.AppiumBasics -->
